[INFO  - 2018-12-25T02:59:56.196Z] GhostDriver - Main - running on port 48633
[INFO  - 2018-12-25T02:59:56.291Z] Session [28b368f0-07f1-11e9-b49d-179f89c0d985] - page.settings - {"XSSAuditingEnabled":false,"javascriptCanCloseWindows":true,"javascriptCanOpenWindows":true,"javascriptEnabled":true,"loadImages":true,"localToRemoteUrlAccessEnabled":false,"userAgent":"Mozilla/5.0 (Unknown; Linux x86_64) AppleWebKit/538.1 (KHTML, like Gecko) PhantomJS/2.1.1 Safari/538.1","webSecurityEnabled":true}
[INFO  - 2018-12-25T02:59:56.292Z] Session [28b368f0-07f1-11e9-b49d-179f89c0d985] - page.customHeaders:  - {}
[INFO  - 2018-12-25T02:59:56.292Z] Session [28b368f0-07f1-11e9-b49d-179f89c0d985] - Session.negotiatedCapabilities - {"browserName":"phantomjs","version":"2.1.1","driverName":"ghostdriver","driverVersion":"1.2.0","platform":"linux-unknown-64bit","javascriptEnabled":true,"takesScreenshot":true,"handlesAlerts":false,"databaseEnabled":false,"locationContextEnabled":false,"applicationCacheEnabled":false,"browserConnectionEnabled":false,"cssSelectorsEnabled":true,"webStorageEnabled":false,"rotatable":false,"acceptSslCerts":false,"nativeEvents":true,"proxy":{"proxyType":"direct"}}
[INFO  - 2018-12-25T02:59:56.292Z] SessionManagerReqHand - _postNewSessionCommand - New Session Created: 28b368f0-07f1-11e9-b49d-179f89c0d985
[ERROR - 2018-12-25T03:00:00.114Z] WebElementLocator - _handleLocateCommand - Element(s) NOT Found: GAVE UP. Search Stop Time: 1545706800095

  phantomjs://platform/console++.js:263 in error
[ERROR - 2018-12-25T03:00:02.360Z] Session [28b368f0-07f1-11e9-b49d-179f89c0d985] - page.onError - msg: ReferenceError: Can't find variable: searchlog

  phantomjs://platform/console++.js:263 in error
[ERROR - 2018-12-25T03:00:02.361Z] Session [28b368f0-07f1-11e9-b49d-179f89c0d985] - page.onError - stack:
  onclick (https://search.jd.com/Search?keyword=%E7%AC%94%E8%AE%B0%E6%9C%AC&enc=utf-8&pvid=37238578c35b49819ae17626d5363918:403)
  dispatchEvent (:0)
  U (:119)
  $ (:108)
  $ (:101)
  gh (:141)
  sh (:152)
  (anonymous function) (:152)
  (anonymous function) (:152)
  (anonymous function) (:153)

  phantomjs://platform/console++.js:263 in error
